<?xml version="1.0" encoding="UTF-8" ?>
<testsuite skipped="0" tests="4" failures="0" errors="0" name="com.sf.codingcomp.setup.SetupTest" time="0.692">
  <properties>
[...]
</properties>
  <testcase classname="com.sf.codingcomp.setup.SetupTest" name="testXStreamDependency" time="0.174"/>
  <testcase classname="com.sf.codingcomp.setup.SetupTest" name="testJUnitDependency" time="0.001"/>
  <testcase classname="com.sf.codingcomp.setup.SetupTest" name="testReadWrite" time="0.087"/>
  <testcase classname="com.sf.codingcomp.setup.SetupTest" name="testPersistenceBetweenTests" time="0.002"/>
</testsuite>